[debug] [2019-09-23T07:20:13.212Z] ----------------------------------------------------------------------
[debug] [2019-09-23T07:20:13.214Z] Command:       /Users/hyunwoo/.nvm/versions/node/v12.2.0/bin/node /Users/hyunwoo/.nvm/versions/node/v12.2.0/bin/firebase deploy --only hosting
[debug] [2019-09-23T07:20:13.214Z] CLI Version:   7.3.2
[debug] [2019-09-23T07:20:13.214Z] Platform:      darwin
[debug] [2019-09-23T07:20:13.214Z] Node Version:  v12.2.0
[debug] [2019-09-23T07:20:13.215Z] Time:          Mon Sep 23 2019 16:20:13 GMT+0900 (GMT+09:00)
[debug] [2019-09-23T07:20:13.215Z] ----------------------------------------------------------------------
[debug] 
[debug] [2019-09-23T07:20:13.227Z] > command requires scopes: ["email","openid","https://www.googleapis.com/auth/cloudplatformprojects.readonly","https://www.googleapis.com/auth/firebase","https://www.googleapis.com/auth/cloud-platform"]
[debug] [2019-09-23T07:20:13.227Z] > authorizing via signed-in user
[debug] [2019-09-23T07:20:13.227Z] [iam] checking project vire-b8de7 for permissions ["firebase.projects.get","firebasehosting.sites.update"]
[debug] [2019-09-23T07:20:13.229Z] > refreshing access token with scopes: ["email","https://www.googleapis.com/auth/cloud-platform","https://www.googleapis.com/auth/cloudplatformprojects.readonly","https://www.googleapis.com/auth/firebase","openid"]
[debug] [2019-09-23T07:20:13.229Z] >>> HTTP REQUEST POST https://www.googleapis.com/oauth2/v3/token  
 <request body omitted>
[debug] [2019-09-23T07:20:13.491Z] <<< HTTP RESPONSE 200
[debug] [2019-09-23T07:20:13.558Z] >>> HTTP REQUEST POST https://cloudresourcemanager.googleapis.com/v1/projects/vire-b8de7:testIamPermissions  

[debug] [2019-09-23T07:20:14.420Z] <<< HTTP RESPONSE 200
[debug] [2019-09-23T07:20:14.422Z] >>> HTTP REQUEST GET https://firebase.googleapis.com/v1beta1/projects/vire-b8de7  
 
[debug] [2019-09-23T07:20:15.249Z] <<< HTTP RESPONSE 200
[info] 
[info] === Deploying to 'vire-b8de7'...
[info] 
[info] i  deploying hosting
[debug] [2019-09-23T07:20:15.252Z] >>> HTTP REQUEST POST https://firebasehosting.googleapis.com/v1beta1/sites/vire-b8de7/versions  

[debug] [2019-09-23T07:20:16.921Z] <<< HTTP RESPONSE 200
[info] i  hosting[vire-b8de7]: beginning deploy...
[info] i  hosting[vire-b8de7]: found 95 files in dist
[debug] [2019-09-23T07:20:16.946Z] [hosting] hash cache [ZGlzdA] load error: lines is not defined
[debug] [2019-09-23T07:20:20.659Z] [hosting] hash cache [ZGlzdA] stored for 95 files
[debug] [2019-09-23T07:20:20.659Z] [hosting][hash queue][FINAL]
[debug] [2019-09-23T07:20:20.660Z] >>> HTTP REQUEST POST https://firebasehosting.googleapis.com/v1beta1/sites/vire-b8de7/versions/1e88a0cd9e1ebf3f:populateFiles  
 <request body omitted>
[debug] [2019-09-23T07:20:22.730Z] <<< HTTP RESPONSE 200
[debug] [2019-09-23T07:20:22.750Z] [hosting][populate queue][FINAL]
[debug] [2019-09-23T07:20:22.750Z] [hosting] uploads queued: 61
[debug] [2019-09-23T07:20:30.233Z] [hosting][upload queue][FINAL]
[info] ✔  hosting[vire-b8de7]: file upload complete
[debug] [2019-09-23T07:20:30.234Z] [hosting] deploy completed after 13312ms
[debug] [2019-09-23T07:20:30.415Z] [
  {
    "config": {
      "public": "dist",
      "ignore": [
        "firebase.json",
        "**/.*",
        "**/node_modules/**"
      ],
      "rewrites": [
        {
          "source": "**",
          "destination": "/index.html"
        }
      ],
      "site": "vire-b8de7"
    },
    "site": "vire-b8de7",
    "version": "sites/vire-b8de7/versions/1e88a0cd9e1ebf3f"
  }
]
[info] i  hosting[vire-b8de7]: finalizing version...
[debug] [2019-09-23T07:20:30.418Z] >>> HTTP REQUEST PATCH https://firebasehosting.googleapis.com/v1beta1/sites/vire-b8de7/versions/1e88a0cd9e1ebf3f?updateMask=status  

[debug] [2019-09-23T07:20:31.492Z] <<< HTTP RESPONSE 200
[debug] [2019-09-23T07:20:31.493Z] [hosting] finalized version for vire-b8de7:
[info] ✔  hosting[vire-b8de7]: version finalized
[info] i  hosting[vire-b8de7]: releasing new version...
[debug] [2019-09-23T07:20:31.494Z] >>> HTTP REQUEST POST https://firebasehosting.googleapis.com/v1beta1/sites/vire-b8de7/releases?version_name=sites/vire-b8de7/versions/1e88a0cd9e1ebf3f  

